{"name": "test_search_arbitrary", "status": "failed", "statusDetails": {"message": "AssertionError: assert 403 == 200\n +  where 403 = <Response [403]>.status_code", "trace": "api_client = <utils.api_client.ApiClient object at 0x0000020F30BB96A0>\n\n    def test_search_arbitrary(api_client):\n        resp = api_client.get(\"/api/search\", params={\"q\": TestData.arbitrary_search})\n>       assert resp.status_code == 200\nE       assert 403 == 200\nE        +  where 403 = <Response [403]>.status_code\n\ntests\\test_api.py:20: AssertionError"}, "start": 1770544780128, "stop": 1770544780141, "uuid": "2f3f1b4d-bd59-4539-8c1a-53681a7a188b", "historyId": "b6a0546fe9c7cff27f66c8949ed0dce4", "testCaseId": "b6a0546fe9c7cff27f66c8949ed0dce4", "fullName": "tests.test_api#test_search_arbitrary", "labels": [{"name": "parentSuite", "value": "tests"}, {"name": "suite", "value": "test_api"}, {"name": "host", "value": "ALFAPC"}, {"name": "thread", "value": "8644-MainThread"}, {"name": "framework", "value": "pytest"}, {"name": "language", "value": "cpython3"}, {"name": "package", "value": "tests.test_api"}], "titlePath": ["tests", "test_api.py"]}