{"name": "test_book_info", "status": "failed", "statusDetails": {"message": "AssertionError: assert 403 == 200\n +  where 403 = <Response [403]>.status_code", "trace": "api_client = <utils.api_client.ApiClient object at 0x0000020F30BB96A0>\n\n    def test_book_info(api_client):\n        resp = api_client.get(\"/api/book/ISBN/978-5-17-123456-7\")\n>       assert resp.status_code == 200\nE       assert 403 == 200\nE        +  where 403 = <Response [403]>.status_code\n\ntests\\test_api.py:35: AssertionError"}, "start": 1770544780575, "stop": 1770544781026, "uuid": "9699dd05-39af-4a23-b4d1-d7547f01aea1", "historyId": "07b029f9d29b7ac62fa64533fd13565a", "testCaseId": "07b029f9d29b7ac62fa64533fd13565a", "fullName": "tests.test_api#test_book_info", "labels": [{"name": "parentSuite", "value": "tests"}, {"name": "suite", "value": "test_api"}, {"name": "host", "value": "ALFAPC"}, {"name": "thread", "value": "8644-MainThread"}, {"name": "framework", "value": "pytest"}, {"name": "language", "value": "cpython3"}, {"name": "package", "value": "tests.test_api"}], "titlePath": ["tests", "test_api.py"]}