{"name": "test_search_english_book", "status": "failed", "statusDetails": {"message": "AssertionError: assert 403 == 200\n +  where 403 = <Response [403]>.status_code", "trace": "api_client = <utils.api_client.ApiClient object at 0x0000020F30BB96A0>\n\n    def test_search_english_book(api_client):\n        resp = api_client.get(\"/api/search\", params={\"q\": \"The Catcher in the Rye\", \"lang\": \"en\"})\n>       assert resp.status_code == 200\nE       assert 403 == 200\nE        +  where 403 = <Response [403]>.status_code\n\ntests\\test_api.py:13: AssertionError"}, "start": 1770544779579, "stop": 1770544779980, "uuid": "0eb9f969-0d28-424a-afad-ec32a8ce3171", "historyId": "a86f9601ca0085fdad9a57a351a1ac8e", "testCaseId": "a86f9601ca0085fdad9a57a351a1ac8e", "fullName": "tests.test_api#test_search_english_book", "labels": [{"name": "parentSuite", "value": "tests"}, {"name": "suite", "value": "test_api"}, {"name": "host", "value": "ALFAPC"}, {"name": "thread", "value": "8644-MainThread"}, {"name": "framework", "value": "pytest"}, {"name": "language", "value": "cpython3"}, {"name": "package", "value": "tests.test_api"}], "titlePath": ["tests", "test_api.py"]}