{"name": "test_search_with_method_other_than_get", "status": "failed", "statusDetails": {"message": "AssertionError: assert 403 in (200, 201, 202)\n +  where 403 = <Response [403]>.status_code", "trace": "api_client = <utils.api_client.ApiClient object at 0x000001F24B8BACF0>\n\n    def test_search_with_method_other_than_get(api_client):\n        resp = api_client.post(\"/api/search\", json={\"q\": \"Book\", \"lang\": \"en\"})\n>       assert resp.status_code in (200, 201, 202)\nE       assert 403 in (200, 201, 202)\nE        +  where 403 = <Response [403]>.status_code\n\ntests\\test_api.py:31: AssertionError"}, "start": 1770544578278, "stop": 1770544578292, "uuid": "d8995739-4b53-47e8-8a2a-c2dc73479071", "historyId": "e02b40486cfc053e02060931c2b0a75b", "testCaseId": "e02b40486cfc053e02060931c2b0a75b", "fullName": "tests.test_api#test_search_with_method_other_than_get", "labels": [{"name": "parentSuite", "value": "tests"}, {"name": "suite", "value": "test_api"}, {"name": "host", "value": "ALFAPC"}, {"name": "thread", "value": "13680-MainThread"}, {"name": "framework", "value": "pytest"}, {"name": "language", "value": "cpython3"}, {"name": "package", "value": "tests.test_api"}], "titlePath": ["tests", "test_api.py"]}